<?xml version="1.0" encoding="UTF-8"?>
<!-- Generated by org.testng.reporters.JUnitReportReporter -->
<testsuite skipped="0" hostname="Nitin" name="Amazon.Assignment1" tests="1" failures="0" timestamp="22 Oct 2018 20:33:46 GMT" time="122.445" errors="0">
  <testcase name="Testcase1" time="122.445" classname="Amazon.Assignment1"/>
</testsuite> <!-- Amazon.Assignment1 -->
