<?xml version="1.0" encoding="UTF-8"?>
<!-- Generated by org.testng.reporters.JUnitReportReporter -->
<testsuite skipped="0" hostname="Nitin" name="TheSwiftCodes.Assignment2" tests="1" failures="0" timestamp="22 Oct 2018 20:35:41 GMT" time="46.929" errors="0">
  <testcase name="TestCase2" time="46.929" classname="TheSwiftCodes.Assignment2"/>
</testsuite> <!-- TheSwiftCodes.Assignment2 -->
